<?xml version="1.0" encoding="UTF-8"?>
<!-- Generated by org.testng.reporters.JUnitReportReporter -->
<testsuite hostname="LAPTOP-AO9I7DE6" failures="0" tests="2" name="TestRunner.CucumberTestRunnerForTags" time="0.083" errors="0" timestamp="2026-02-03T23:14:44 IST" skipped="0">
  <testcase classname="TestRunner.CucumberTestRunnerForTags" name="runScenario" time="0.001"/>
  <testcase classname="TestRunner.CucumberTestRunnerForTags" name="runScenario" time="0.082"/>
</testsuite> <!-- TestRunner.CucumberTestRunnerForTags -->
